Using pre-set license
Built from '2020.3/china_unity/release' branch; Version is '2020.3.26f1c1 (cf0e0a163043) revision 13569546'; Using compiler version '192528614'; Build Type 'Release'
OS: 'Windows 10  (10.0.19044) 64bit Professional' Language: 'zh' Physical Memory: 32581 MB
BatchMode: 1, IsHumanControllingUs: 0, StartBugReporterOnCrash: 0, Is64bit: 1, IsPro: 0

COMMAND LINE ARGUMENTS:
C:\Program Files\Unity\Hub\Editor\2020.3.26f1c1\Editor\Unity.exe
-adb2
-batchMode
-noUpm
-name
AssetImportWorker0
-projectPath
C:/Raler/My-Own-Project/Unity-Shader-Book
-logFile
Logs/AssetImportWorker0.log
-srvPort
54006
Successfully changed project path to: C:/Raler/My-Own-Project/Unity-Shader-Book
C:/Raler/My-Own-Project/Unity-Shader-Book
Using Asset Import Pipeline V2.
AS: AutoStreaming module initializing.Refreshing native plugins compatible for Editor in 46.87 ms, found 2 plugins.
Preloading 0 native plugins for Editor in 0.00 ms.
Initialize engine version: 2020.3.26f1c1 (cf0e0a163043)
[Subsystems] Discovering subsystems at path C:/Program Files/Unity/Hub/Editor/2020.3.26f1c1/Editor/Data/Resources/UnitySubsystems
[Subsystems] Discovering subsystems at path C:/Raler/My-Own-Project/Unity-Shader-Book/Assets
GfxDevice: creating device client; threaded=0
Direct3D:
    Version:  Direct3D 11.0 [level 11.1]
    Renderer: NVIDIA GeForce RTX 3070 Ti (ID=0x2482)
    Vendor:   
    VRAM:     8041 MB
    Driver:   30.0.15.1215
Initialize mono
Mono path[0] = 'C:/Program Files/Unity/Hub/Editor/2020.3.26f1c1/Editor/Data/Managed'
Mono path[1] = 'C:/Program Files/Unity/Hub/Editor/2020.3.26f1c1/Editor/Data/MonoBleedingEdge/lib/mono/unityjit'
Mono config path = 'C:/Program Files/Unity/Hub/Editor/2020.3.26f1c1/Editor/Data/MonoBleedingEdge/etc'
Using monoOptions --debugger-agent=transport=dt_socket,embedding=1,server=y,suspend=n,address=127.0.0.1:56308
Begin MonoManager ReloadAssembly
Registering precompiled unity dll's ...
Register platform support module: C:/Program Files/Unity/Hub/Editor/2020.3.26f1c1/Editor/Data/PlaybackEngines/WindowsStandaloneSupport/UnityEditor.WindowsStandalone.Extensions.dll
Registered in 0.001247 seconds.
Native extension for WindowsStandalone target not found
Refreshing native plugins compatible for Editor in 37.08 ms, found 2 plugins.
Preloading 0 native plugins for Editor in 0.00 ms.
Mono: successfully reloaded assembly
- Completed reload, in  0.384 seconds
Domain Reload Profiling:
	ReloadAssembly (384ms)
		BeginReloadAssembly (43ms)
			ExecutionOrderSort (0ms)
			DisableScriptedObjects (0ms)
			BackupInstance (0ms)
			ReleaseScriptingObjects (0ms)
			CreateAndSetChildDomain (1ms)
		EndReloadAssembly (294ms)
			LoadAssemblies (42ms)
			RebuildTransferFunctionScriptingTraits (0ms)
			SetupTypeCache (91ms)
			ReleaseScriptCaches (0ms)
			RebuildScriptCaches (17ms)
			SetupLoadedEditorAssemblies (120ms)
				LogAssemblyErrors (0ms)
				InitializePlatformSupportModulesInManaged (3ms)
				SetLoadedEditorAssemblies (0ms)
				RefreshPlugins (37ms)
				BeforeProcessingInitializeOnLoad (11ms)
				ProcessInitializeOnLoadAttributes (50ms)
				ProcessInitializeOnLoadMethodAttributes (19ms)
				AfterProcessingInitializeOnLoad (0ms)
				EditorAssembliesLoaded (0ms)
			ExecutionOrderSort2 (0ms)
			AwakeInstancesAfterBackupRestoration (0ms)
Platform modules already initialized, skipping
Registering precompiled user dll's ...
Registered in 0.012001 seconds.
Begin MonoManager ReloadAssembly
Native extension for WindowsStandalone target not found
Refreshing native plugins compatible for Editor in 36.01 ms, found 2 plugins.
Preloading 0 native plugins for Editor in 0.00 ms.
Mono: successfully reloaded assembly
- Completed reload, in  0.742 seconds
Domain Reload Profiling:
	ReloadAssembly (744ms)
		BeginReloadAssembly (90ms)
			ExecutionOrderSort (0ms)
			DisableScriptedObjects (3ms)
			BackupInstance (0ms)
			ReleaseScriptingObjects (0ms)
			CreateAndSetChildDomain (11ms)
		EndReloadAssembly (613ms)
			LoadAssemblies (93ms)
			RebuildTransferFunctionScriptingTraits (0ms)
			SetupTypeCache (192ms)
			ReleaseScriptCaches (0ms)
			RebuildScriptCaches (28ms)
			SetupLoadedEditorAssemblies (233ms)
				LogAssemblyErrors (0ms)
				InitializePlatformSupportModulesInManaged (2ms)
				SetLoadedEditorAssemblies (0ms)
				RefreshPlugins (36ms)
				BeforeProcessingInitializeOnLoad (56ms)
				ProcessInitializeOnLoadAttributes (127ms)
				ProcessInitializeOnLoadMethodAttributes (7ms)
				AfterProcessingInitializeOnLoad (4ms)
				EditorAssembliesLoaded (0ms)
			ExecutionOrderSort2 (0ms)
			AwakeInstancesAfterBackupRestoration (4ms)
Platform modules already initialized, skipping
========================================================================
Worker process is ready to serve import requests
Launched and connected shader compiler UnityShaderCompiler.exe after 0.03 seconds
Refreshing native plugins compatible for Editor in 0.37 ms, found 2 plugins.
Preloading 0 native plugins for Editor in 0.00 ms.
Unloading 2867 Unused Serialized files (Serialized files now loaded: 0)
System memory in use before: 141.0 MB.
System memory in use after: 141.2 MB.

Unloading 20 unused Assets to reduce memory usage. Loaded Objects now: 3308.
Total: 2.227100 ms (FindLiveObjects: 0.145100 ms CreateObjectMapping: 0.059900 ms MarkObjects: 1.956200 ms  DeleteObjects: 0.065100 ms)

AssetImportParameters requested are different than current active one (requested -> active):
  custom:framework-win-MediaFoundation: 216162199b28c13a410421893ffa2e32 -> 
  custom:video-decoder-ogg-theora: a1e56fd34408186e4bbccfd4996cb3dc -> 
  custom:container-muxer-webm: aa71ff27fc2769a1b78a27578f13a17b -> 
  custom:container-demuxer-webm: 4f35f7cbe854078d1ac9338744f61a02 -> 
  custom:container-demuxer-ogg: 62fdf1f143b41e24485cea50d1cbac27 -> 
  custom:video-encoder-webm-vp8: eb34c28f22e8b96e1ab97ce403110664 -> 
  custom:video-decoder-webm-vp8: 9c59270c3fd7afecdb556c50c9e8de78 -> 
  custom:audio-decoder-ogg-vorbis: bf7c407c2cedff20999df2af8eb42d56 -> 
  custom:audio-encoder-webm-vorbis: bf7c407c2cedff20999df2af8eb42d56 -> 
========================================================================
Received Import Request.
  path: Assets/Shader/Grass/VertexShaderGrass/WaterDistortion.png
  artifactKey: Guid(0908572e5f544b64bb52b3874b7c85e2) Importer(815301076,1909f56bfc062723c751e8b465ee728b)
Start importing Assets/Shader/Grass/VertexShaderGrass/WaterDistortion.png using Guid(0908572e5f544b64bb52b3874b7c85e2) Importer(815301076,1909f56bfc062723c751e8b465ee728b)  -> (artifact id: 'c918c80ae56f46d28a00501ba1797939') in 0.038427 seconds 
  Import took 0.041648 seconds .

========================================================================
Received Import Request.
  Time since last request: 0.000250 seconds.
  path: Assets/Material/Tutorials-Mat/Chapter 11/11-2-1.mat
  artifactKey: Guid(ba598e1b0fcf86d48a24b634ab4bd525) Importer(815301076,1909f56bfc062723c751e8b465ee728b)
Start importing Assets/Material/Tutorials-Mat/Chapter 11/11-2-1.mat using Guid(ba598e1b0fcf86d48a24b634ab4bd525) Importer(815301076,1909f56bfc062723c751e8b465ee728b)  -> (artifact id: 'c9d3b3a7427182a0c55548473fdb29a6') in 0.144473 seconds 
  Import took 0.147745 seconds .

========================================================================
Received Import Request.
  Time since last request: 0.000295 seconds.
  path: Assets/Material/Tutorials-Mat/Chapter 17/17-5-1.mat
  artifactKey: Guid(761d8e7c738cce04997c3a64af843437) Importer(815301076,1909f56bfc062723c751e8b465ee728b)
Start importing Assets/Material/Tutorials-Mat/Chapter 17/17-5-1.mat using Guid(761d8e7c738cce04997c3a64af843437) Importer(815301076,1909f56bfc062723c751e8b465ee728b)  -> (artifact id: 'b3c8bc6ce579d00a1678f8eb492eb044') in 0.011505 seconds 
  Import took 0.014792 seconds .

========================================================================
Received Import Request.
  Time since last request: 0.000201 seconds.
  path: Assets/Material/Tutorials-Mat/Chapter 11/11-3-1.mat
  artifactKey: Guid(2afdce34669441b4495b519bdc1e4f3a) Importer(815301076,1909f56bfc062723c751e8b465ee728b)
Start importing Assets/Material/Tutorials-Mat/Chapter 11/11-3-1.mat using Guid(2afdce34669441b4495b519bdc1e4f3a) Importer(815301076,1909f56bfc062723c751e8b465ee728b)  -> (artifact id: '87fdd1cb30000cde2efef200a4c010a4') in 0.009092 seconds 
  Import took 0.012470 seconds .

========================================================================
Received Import Request.
  Time since last request: 0.000175 seconds.
  path: Assets/Material/Tutorials-Mat/Chapter 17/17-1-1.mat
  artifactKey: Guid(8a0cff694cffc844789631066b80d854) Importer(815301076,1909f56bfc062723c751e8b465ee728b)
Start importing Assets/Material/Tutorials-Mat/Chapter 17/17-1-1.mat using Guid(8a0cff694cffc844789631066b80d854) Importer(815301076,1909f56bfc062723c751e8b465ee728b)  -> (artifact id: '63ee9dad71300a20d5a53a5b2a8b074b') in 0.011906 seconds 
  Import took 0.015270 seconds .

========================================================================
Received Import Request.
  Time since last request: 0.000180 seconds.
  path: Assets/Material/Tutorials-Mat/Chapter 11/11-3-2.mat
  artifactKey: Guid(c67d12f5211b92141837b3ddd7a516a5) Importer(815301076,1909f56bfc062723c751e8b465ee728b)
Start importing Assets/Material/Tutorials-Mat/Chapter 11/11-3-2.mat using Guid(c67d12f5211b92141837b3ddd7a516a5) Importer(815301076,1909f56bfc062723c751e8b465ee728b)  -> (artifact id: '14c48328d279d2b9ebc8ef982b10ac19') in 0.009582 seconds 
  Import took 0.012931 seconds .

========================================================================
Received Import Request.
  Time since last request: 0.000175 seconds.
  path: Assets/Material/Tutorials-Mat/Chapter 11/11-2-2.mat
  artifactKey: Guid(409791438360071458323d4ed64db3bf) Importer(815301076,1909f56bfc062723c751e8b465ee728b)
Start importing Assets/Material/Tutorials-Mat/Chapter 11/11-2-2.mat using Guid(409791438360071458323d4ed64db3bf) Importer(815301076,1909f56bfc062723c751e8b465ee728b)  -> (artifact id: '8ead7e7ff3bb926a37a449e47823fa9b') in 0.015167 seconds 
  Import took 0.018526 seconds .

========================================================================
Received Import Request.
  Time since last request: 0.000174 seconds.
  path: Assets/Shader/Grass/VertexShaderGrass/Grass.mat
  artifactKey: Guid(2d0affb597fa40146a4aa646b3f6012f) Importer(815301076,1909f56bfc062723c751e8b465ee728b)
Start importing Assets/Shader/Grass/VertexShaderGrass/Grass.mat using Guid(2d0affb597fa40146a4aa646b3f6012f) Importer(815301076,1909f56bfc062723c751e8b465ee728b)  -> (artifact id: '07f09b8b9eb0774a174b917322e30320') in 0.079306 seconds 
  Import took 0.082606 seconds .

========================================================================
Received Import Request.
  Time since last request: 0.572739 seconds.
  path: Assets/Texture/water.psd
  artifactKey: Guid(0e09c05ae51c0c54bb11cdc1ff5dfb44) Importer(815301076,1909f56bfc062723c751e8b465ee728b)
Start importing Assets/Texture/water.psd using Guid(0e09c05ae51c0c54bb11cdc1ff5dfb44) Importer(815301076,1909f56bfc062723c751e8b465ee728b)  -> (artifact id: '404b334954911d51d772b5092b2f112d') in 0.008801 seconds 
  Import took 0.012278 seconds .

========================================================================
Received Import Request.
  Time since last request: 1.408442 seconds.
  path: Assets/Texture/star.png
  artifactKey: Guid(7148bb08c4795924d8c4dfc0768ae868) Importer(815301076,1909f56bfc062723c751e8b465ee728b)
Start importing Assets/Texture/star.png using Guid(7148bb08c4795924d8c4dfc0768ae868) Importer(815301076,1909f56bfc062723c751e8b465ee728b)  -> (artifact id: 'f450124de583ff6bdcf1f1f14377a8f1') in 0.012200 seconds 
  Import took 0.015717 seconds .

========================================================================
Received Import Request.
  Time since last request: 188.250906 seconds.
  path: Assets/Material/Tutorials-Mat/Chapter 11
  artifactKey: Guid(293362c0679fd064581d26d8882a815b) Importer(815301076,1909f56bfc062723c751e8b465ee728b)
Start importing Assets/Material/Tutorials-Mat/Chapter 11 using Guid(293362c0679fd064581d26d8882a815b) Importer(815301076,1909f56bfc062723c751e8b465ee728b)  -> (artifact id: '524e3fe08472a4038c12a063203439c3') in 0.002204 seconds 
  Import took 0.006708 seconds .

========================================================================
Received Prepare
Registering precompiled user dll's ...
Registered in 0.011405 seconds.
Begin MonoManager ReloadAssembly
Native extension for WindowsStandalone target not found
Refreshing native plugins compatible for Editor in 0.36 ms, found 2 plugins.
Preloading 0 native plugins for Editor in 0.00 ms.
Mono: successfully reloaded assembly
- Completed reload, in  0.694 seconds
Domain Reload Profiling:
	ReloadAssembly (695ms)
		BeginReloadAssembly (95ms)
			ExecutionOrderSort (0ms)
			DisableScriptedObjects (4ms)
			BackupInstance (0ms)
			ReleaseScriptingObjects (0ms)
			CreateAndSetChildDomain (25ms)
		EndReloadAssembly (563ms)
			LoadAssemblies (92ms)
			RebuildTransferFunctionScriptingTraits (0ms)
			SetupTypeCache (179ms)
			ReleaseScriptCaches (1ms)
			RebuildScriptCaches (23ms)
			SetupLoadedEditorAssemblies (182ms)
				LogAssemblyErrors (0ms)
				InitializePlatformSupportModulesInManaged (2ms)
				SetLoadedEditorAssemblies (0ms)
				RefreshPlugins (0ms)
				BeforeProcessingInitializeOnLoad (52ms)
				ProcessInitializeOnLoadAttributes (118ms)
				ProcessInitializeOnLoadMethodAttributes (6ms)
				AfterProcessingInitializeOnLoad (3ms)
				EditorAssembliesLoaded (0ms)
			ExecutionOrderSort2 (0ms)
			AwakeInstancesAfterBackupRestoration (9ms)
Platform modules already initialized, skipping
Refreshing native plugins compatible for Editor in 0.39 ms, found 2 plugins.
Preloading 0 native plugins for Editor in 0.00 ms.
Unloading 2712 Unused Serialized files (Serialized files now loaded: 0)
System memory in use before: 134.5 MB.
System memory in use after: 134.7 MB.

Unloading 15 unused Assets to reduce memory usage. Loaded Objects now: 3390.
Total: 2.236100 ms (FindLiveObjects: 0.156000 ms CreateObjectMapping: 0.060900 ms MarkObjects: 2.005200 ms  DeleteObjects: 0.013200 ms)

AssetImportParameters requested are different than current active one (requested -> active):
  custom:framework-win-MediaFoundation: 216162199b28c13a410421893ffa2e32 -> 
  custom:video-decoder-ogg-theora: a1e56fd34408186e4bbccfd4996cb3dc -> 
  custom:container-muxer-webm: aa71ff27fc2769a1b78a27578f13a17b -> 
  custom:container-demuxer-webm: 4f35f7cbe854078d1ac9338744f61a02 -> 
  custom:container-demuxer-ogg: 62fdf1f143b41e24485cea50d1cbac27 -> 
  custom:video-encoder-webm-vp8: eb34c28f22e8b96e1ab97ce403110664 -> 
  custom:video-decoder-webm-vp8: 9c59270c3fd7afecdb556c50c9e8de78 -> 
  custom:audio-decoder-ogg-vorbis: bf7c407c2cedff20999df2af8eb42d56 -> 
  custom:audio-encoder-webm-vorbis: bf7c407c2cedff20999df2af8eb42d56 -> 
AssetImportWorkerClient::OnTransportError - code=2 error=End of file
